#
# There is insufficient memory for the Java Runtime Environment to continue.
# Native memory allocation (mmap) failed to map 190840832 bytes. Error detail: G1 virtual space
# Possible reasons:
#   The system is out of physical RAM or swap space
#   This process is running with CompressedOops enabled, and the Java Heap may be blocking the growth of the native heap
# Possible solutions:
#   Reduce memory load on the system
#   Increase physical memory or swap space
#   Check if swap backing store is full
#   Decrease Java heap size (-Xmx/-Xms)
#   Decrease number of Java threads
#   Decrease Java thread stack sizes (-Xss)
#   Set larger code cache with -XX:ReservedCodeCacheSize=
#   JVM is running with Zero Based Compressed Oops mode in which the Java heap is
#     placed in the first 32GB address space. The Java Heap base address is the
#     maximum limit for the native heap growth. Please use -XX:HeapBaseMinAddress
#     to set the Java Heap base and to place the Java Heap above 32GB virtual address.
# This output file may be truncated or incomplete.
#
#  Out of Memory Error (os_windows.cpp:3707), pid=12696, tid=11372
#
# JRE version:  (23.0.2+7) (build )
# Java VM: Java HotSpot(TM) 64-Bit Server VM (23.0.2+7-58, mixed mode, sharing, tiered, compressed oops, compressed class ptrs, g1 gc, windows-amd64)
# No core dump will be written. Minidumps are not enabled by default on client versions of Windows
#

---------------  S U M M A R Y ------------

Command Line: -Dfile.encoding=IBM437 -Dclassworlds.conf=C:\Users\natha\.m2\wrapper\dists\apache-maven-3.9.12\59fe215c0ad6947fea90184bf7add084544567b927287592651fda3782e0e798\bin\m2.conf -Dmaven.home=C:\Users\natha\.m2\wrapper\dists\apache-maven-3.9.12\59fe215c0ad6947fea90184bf7add084544567b927287592651fda3782e0e798 -Dlibrary.jansi.path=C:\Users\natha\.m2\wrapper\dists\apache-maven-3.9.12\59fe215c0ad6947fea90184bf7add084544567b927287592651fda3782e0e798\lib\jansi-native -Dmaven.multiModuleProjectDirectory=C:\Users\natha\IdeaProjects\demo org.codehaus.plexus.classworlds.launcher.Launcher -Didea.version=2025.3.5 -Dmaven.ext.class.path=C:\Program Files\JetBrains\IntelliJ IDEA 2025.3.1\plugins\maven\lib\maven-event-listener.jar -Djansi.passthrough=true -Dstyle.color=always -Dmaven.repo.local=C:\Users\natha\.m2\repository clean -f pom.xml

Host: AMD Ryzen 5 5500U with Radeon Graphics         , 12 cores, 11G,  Windows 11 , 64 bit Build 26100 (10.0.26100.8328)
Time: Wed May 13 17:14:52 2026 Central Standard Time (Mexico) elapsed time: 0.022982 seconds (0d 0h 0m 0s)

---------------  T H R E A D  ---------------

Current thread (0x000001b673120190):  JavaThread "Unknown thread" [_thread_in_vm, id=11372, stack(0x0000005e8ea00000,0x0000005e8eb00000) (1024K)]

Stack: [0x0000005e8ea00000,0x0000005e8eb00000]
Native frames: (J=compiled Java code, j=interpreted, Vv=VM code, C=native code)
V  [jvm.dll+0x6e0b99]  (no source info available)
V  [jvm.dll+0x87e2b3]  (no source info available)
V  [jvm.dll+0x88073e]  (no source info available)
V  [jvm.dll+0x880e13]  (no source info available)
V  [jvm.dll+0x27b006]  (no source info available)
V  [jvm.dll+0x6dd485]  (no source info available)
V  [jvm.dll+0x6d127a]  (no source info available)
V  [jvm.dll+0x35b50a]  (no source info available)
V  [jvm.dll+0x363916]  (no source info available)
V  [jvm.dll+0x34fe7e]  (no source info available)
V  [jvm.dll+0x350118]  (no source info available)
V  [jvm.dll+0x328aec]  (no source info available)
V  [jvm.dll+0x32978e]  (no source info available)
V  [jvm.dll+0x8449a5]  (no source info available)
V  [jvm.dll+0x3b9a08]  (no source info available)
V  [jvm.dll+0x82d68c]  (no source info available)
V  [jvm.dll+0x454f2e]  (no source info available)
V  [jvm.dll+0x456db1]  (no source info available)
C  [jli.dll+0x52a3]  (no source info available)
C  [ucrtbase.dll+0x37b0]  (no source info available)
C  [KERNEL32.DLL+0x2e957]  (no source info available)
C  [ntdll.dll+0x427c]  (no source info available)

Lock stack of current Java thread (top to bottom):


---------------  P R O C E S S  ---------------

Threads class SMR info:
_java_thread_list=0x00007ffdfac84618, length=0, elements={
}

Java Threads: ( => current thread )
Total: 0

Other Threads:
  0x000001b676ead630 WorkerThread "GC Thread#0"                     [id=2844, stack(0x0000005e8eb00000,0x0000005e8ec00000) (1024K)]
  0x000001b676ebc9c0 ConcurrentGCThread "G1 Main Marker"            [id=13132, stack(0x0000005e8ec00000,0x0000005e8ed00000) (1024K)]
  0x000001b676ebf9a0 WorkerThread "G1 Conc#0"                       [id=1912, stack(0x0000005e8ed00000,0x0000005e8ee00000) (1024K)]

[error occurred during error reporting (printing all threads), id 0xc0000005, EXCEPTION_ACCESS_VIOLATION (0xc0000005) at pc=0x00007ffdfa3cc0da]
VM state: not at safepoint (not fully initialized)

VM Mutex/Monitor currently owned by a thread:  ([mutex/lock_event])
[0x00007ffdfad04988] Heap_lock - owner thread: 0x000001b673120190

Heap address: 0x000000074ac00000, size: 2900 MB, Compressed Oops mode: Zero based, Oop shift amount: 3

CDS archive(s) mapped at: [0x0000000000000000-0x0000000000000000-0x0000000000000000), size 0, SharedBaseAddress: 0x0000000800000000, ArchiveRelocationMode: 1.
Narrow klass base: 0x0000000000000000, Narrow klass shift: 0, Narrow klass range: 0x0

GC Precious Log:
 CardTable entry size: 512
 Card Set container configuration: InlinePtr #cards 4 size 8 Array Of Cards #cards 16 size 48 Howl #buckets 8 coarsen threshold 3686 Howl Bitmap #cards 512 size 80 coarsen threshold 460 Card regions per heap region 1 cards per card region 4096

Heap:
 garbage-first heap   total reserved 2969600K, committed 0K, used 0K [0x000000074ac00000, 0x0000000800000000)
  region size 2048K, 0 young (0K), 0 survivors (0K)

[error occurred during error reporting (printing heap information), id 0xc0000005, EXCEPTION_ACCESS_VIOLATION (0xc0000005) at pc=0x00007ffdfa7cc6a9]
GC Heap History (0 events):
No events

Dll operation events (1 events):
Event: 0.016 Loaded shared library C:\Program Files\Java\jdk-23\bin\java.dll

Deoptimization events (0 events):
No events

Classes loaded (0 events):
No events

Classes unloaded (0 events):
No events

Classes redefined (0 events):
No events

Internal exceptions (0 events):
No events

VM Operations (0 events):
No events

Memory protections (0 events):
No events

Nmethod flushes (0 events):
No events

Events (0 events):
No events


Dynamic libraries:
0x00007ff7356e0000 - 0x00007ff7356f0000 	C:\Program Files\Java\jdk-23\bin\java.exe
0x00007ffed6180000 - 0x00007ffed63e7000 	C:\WINDOWS\SYSTEM32\ntdll.dll
0x00007ffed5700000 - 0x00007ffed57c9000 	C:\WINDOWS\System32\KERNEL32.DLL
0x00007ffed3060000 - 0x00007ffed3457000 	C:\WINDOWS\System32\KERNELBASE.dll
0x00007ffed2f10000 - 0x00007ffed305b000 	C:\WINDOWS\System32\ucrtbase.dll
0x00007ffebfde0000 - 0x00007ffebfdfb000 	C:\Program Files\Java\jdk-23\bin\VCRUNTIME140.dll
0x00007ffebfd40000 - 0x00007ffebfd57000 	C:\Program Files\Java\jdk-23\bin\jli.dll
0x00007ffed45b0000 - 0x00007ffed4776000 	C:\WINDOWS\System32\USER32.dll
0x00007ffed35d0000 - 0x00007ffed35f7000 	C:\WINDOWS\System32\win32u.dll
0x00007ffed5b60000 - 0x00007ffed5b8b000 	C:\WINDOWS\System32\GDI32.dll
0x00007ffeb9820000 - 0x00007ffeb9ab2000 	C:\WINDOWS\WinSxS\amd64_microsoft.windows.common-controls_6595b64144ccf1df_6.0.26100.8457_none_3e0b2faee331e92d\COMCTL32.dll
0x00007ffed2de0000 - 0x00007ffed2f0c000 	C:\WINDOWS\System32\gdi32full.dll
0x00007ffed54a0000 - 0x00007ffed5549000 	C:\WINDOWS\System32\msvcrt.dll
0x00007ffed2bb0000 - 0x00007ffed2c53000 	C:\WINDOWS\System32\msvcp_win.dll
0x00007ffed5ba0000 - 0x00007ffed5bd2000 	C:\WINDOWS\System32\IMM32.DLL
0x00007ffec9fa0000 - 0x00007ffeca0fe000 	C:\WINDOWS\system32\tmumh\20019\AddOn\8.55.0.1403\TmUmEvt64.dll
0x00007ffed56f0000 - 0x00007ffed56f8000 	C:\WINDOWS\System32\PSAPI.DLL
0x00007ffed3f00000 - 0x00007ffed3fb6000 	C:\WINDOWS\System32\ADVAPI32.dll
0x00007ffed4500000 - 0x00007ffed45a7000 	C:\WINDOWS\System32\sechost.dll
0x00007ffed5e00000 - 0x00007ffed5f18000 	C:\WINDOWS\System32\RPCRT4.dll
0x0000000071d90000 - 0x0000000071eb7000 	C:\WINDOWS\system32\tmumh\20019\TmMon\2.9.0.1230\tmmon64.dll
0x00007ffec6780000 - 0x00007ffec678c000 	C:\Program Files\Java\jdk-23\bin\vcruntime140_1.dll
0x00007ffebbe00000 - 0x00007ffebbe8e000 	C:\Program Files\Java\jdk-23\bin\msvcp140.dll
0x00007ffdfa090000 - 0x00007ffdfade0000 	C:\Program Files\Java\jdk-23\bin\server\jvm.dll
0x00007ffed6050000 - 0x00007ffed60d0000 	C:\WINDOWS\System32\WS2_32.dll
0x00007ffed2a10000 - 0x00007ffed2a6e000 	C:\WINDOWS\SYSTEM32\POWRPROF.dll
0x00007ffeccc40000 - 0x00007ffeccc76000 	C:\WINDOWS\SYSTEM32\WINMM.dll
0x00007ffeccc80000 - 0x00007ffeccc8b000 	C:\WINDOWS\SYSTEM32\VERSION.dll
0x00007ffed29f0000 - 0x00007ffed2a04000 	C:\WINDOWS\SYSTEM32\UMPDC.dll
0x00007ffed1940000 - 0x00007ffed195b000 	C:\WINDOWS\SYSTEM32\kernel.appcore.dll
0x00007ffebfdd0000 - 0x00007ffebfdda000 	C:\Program Files\Java\jdk-23\bin\jimage.dll
0x00007ffec8c90000 - 0x00007ffec8ed2000 	C:\WINDOWS\SYSTEM32\DBGHELP.DLL
0x00007ffed57d0000 - 0x00007ffed5b53000 	C:\WINDOWS\System32\combase.dll
0x00007ffed5190000 - 0x00007ffed5269000 	C:\WINDOWS\System32\OLEAUT32.dll
0x00007ffeb8930000 - 0x00007ffeb896b000 	C:\WINDOWS\SYSTEM32\dbgcore.DLL
0x00007ffed3460000 - 0x00007ffed3508000 	C:\WINDOWS\System32\bcryptPrimitives.dll
0x00007ffebbde0000 - 0x00007ffebbdfe000 	C:\Program Files\Java\jdk-23\bin\java.dll
0x00007ffed5550000 - 0x00007ffed56e7000 	C:\WINDOWS\System32\ole32.dll
0x00007ffed4880000 - 0x00007ffed4fee000 	C:\WINDOWS\System32\SHELL32.dll

dbghelp: loaded successfully - version: 4.0.5 - missing functions: none
symbol engine: initialized successfully - sym options: 0x614 - pdb path: .;C:\Program Files\Java\jdk-23\bin;C:\WINDOWS\SYSTEM32;C:\WINDOWS\WinSxS\amd64_microsoft.windows.common-controls_6595b64144ccf1df_6.0.26100.8457_none_3e0b2faee331e92d;C:\WINDOWS\system32\tmumh\20019\AddOn\8.55.0.1403;C:\WINDOWS\system32\tmumh\20019\TmMon\2.9.0.1230;C:\Program Files\Java\jdk-23\bin\server

VM Arguments:
jvm_args: -Dfile.encoding=IBM437 -Dclassworlds.conf=C:\Users\natha\.m2\wrapper\dists\apache-maven-3.9.12\59fe215c0ad6947fea90184bf7add084544567b927287592651fda3782e0e798\bin\m2.conf -Dmaven.home=C:\Users\natha\.m2\wrapper\dists\apache-maven-3.9.12\59fe215c0ad6947fea90184bf7add084544567b927287592651fda3782e0e798 -Dlibrary.jansi.path=C:\Users\natha\.m2\wrapper\dists\apache-maven-3.9.12\59fe215c0ad6947fea90184bf7add084544567b927287592651fda3782e0e798\lib\jansi-native -Dmaven.multiModuleProjectDirectory=C:\Users\natha\IdeaProjects\demo 
java_command: org.codehaus.plexus.classworlds.launcher.Launcher -Didea.version=2025.3.5 -Dmaven.ext.class.path=C:\Program Files\JetBrains\IntelliJ IDEA 2025.3.1\plugins\maven\lib\maven-event-listener.jar -Djansi.passthrough=true -Dstyle.color=always -Dmaven.repo.local=C:\Users\natha\.m2\repository clean -f pom.xml
java_class_path (initial): C:\Users\natha\.m2\wrapper\dists\apache-maven-3.9.12\59fe215c0ad6947fea90184bf7add084544567b927287592651fda3782e0e798\boot\plexus-classworlds-2.9.0.jar
Launcher Type: SUN_STANDARD

[Global flags]
     intx CICompilerCount                          = 4                                         {product} {ergonomic}
     uint ConcGCThreads                            = 3                                         {product} {ergonomic}
     uint G1ConcRefinementThreads                  = 10                                        {product} {ergonomic}
   size_t G1HeapRegionSize                         = 2097152                                   {product} {ergonomic}
   size_t InitialHeapSize                          = 190840832                                 {product} {ergonomic}
   size_t MarkStackSize                            = 4194304                                   {product} {ergonomic}
   size_t MarkStackSizeMax                         = 536870912                                 {product} {ergonomic}
   size_t MaxHeapSize                              = 3040870400                                {product} {ergonomic}
   size_t MinHeapDeltaBytes                        = 2097152                                   {product} {ergonomic}
   size_t MinHeapSize                              = 8388608                                   {product} {ergonomic}
    uintx NonNMethodCodeHeapSize                   = 5832704                                {pd product} {ergonomic}
    uintx NonProfiledCodeHeapSize                  = 122945536                              {pd product} {ergonomic}
    uintx ProfiledCodeHeapSize                     = 122880000                              {pd product} {ergonomic}
    uintx ReservedCodeCacheSize                    = 251658240                              {pd product} {ergonomic}
     bool SegmentedCodeCache                       = true                                      {product} {ergonomic}
   size_t SoftMaxHeapSize                          = 3040870400                             {manageable} {ergonomic}
     bool UseCompressedOops                        = true                           {product lp64_product} {ergonomic}
     bool UseG1GC                                  = true                                      {product} {ergonomic}
     bool UseLargePagesIndividualAllocation        = false                                  {pd product} {ergonomic}

Logging:
Log output configuration:
 #0: stdout all=warning uptime,level,tags foldmultilines=false
 #1: stderr all=off uptime,level,tags foldmultilines=false

Environment Variables:
JAVA_HOME=C:\Program Files\Java\jdk-23
JAVA_TOOL_OPTIONS=-Dfile.encoding=IBM437
PATH=C:\Program Files\Eclipse Adoptium\jdk-25.0.2.10-hotspot\bin;C:\Program Files\Eclipse Adoptium\jdk-17.0.18.8-hotspot\bin;C:\sqlcl\bin;C:\Program Files\Common Files\Oracle\Java\javapath;C:\app\natha\product\21c\dbhomeXE\bin;C:\Java\jdk-18.0.2\bin;C:\WINDOWS\system32;C:\WINDOWS;C:\WINDOWS\System32\Wbem;C:\WINDOWS\System32\WindowsPowerShell\v1.0\;C:\WINDOWS\System32\OpenSSH\;C:\Program Files\Microsoft SQL Server\110\Tools\Binn\;C:\Users\natha\AppData\Roaming\nvm;C:\Program Files\nodejs;C:\Program Files\Docker\Docker\resources\bin;C:\Program Files\Graphviz\bin;C:\Program Files\Git\cmd;C:\Users\natha\AppData\Local\Programs\Python\Python311\Scripts\;C:\Users\natha\AppData\Local\Programs\Python\Python311\;C:\Users\natha\AppData\Local\Programs\Microsoft VS Code\bin;C:\Users\natha\AppData\Local\Microsoft\WindowsApps;C:\Users\natha\AppData\Roaming\npm;C:\xampp\php;C:\Users\natha\composer;C:\Users\natha\AppData\Roaming\Composer\vendor\bin;C:\w64devkit\bin;C:\Users\natha\AppData\Roaming\nvm;C:\Program Files\nodejs;C:\Users\natha\flutter\bin;C:\Program Files\JetBrains\IntelliJ IDEA 2025.3.1\bin
USERNAME=natha
OS=Windows_NT
PROCESSOR_IDENTIFIER=AMD64 Family 23 Model 104 Stepping 1, AuthenticAMD
TMP=C:\Users\natha\AppData\Local\Temp
TEMP=C:\Users\natha\AppData\Local\Temp




Periodic native trim disabled

---------------  S Y S T E M  ---------------

OS:
 Windows 11 , 64 bit Build 26100 (10.0.26100.8328)
OS uptime: 0 days 2:22 hours
Hyper-V role detected

CPU: total 12 (initial active 12) (12 cores per cpu, 2 threads per core) family 23 model 104 stepping 1 microcode 0x8608107, cx8, cmov, fxsr, ht, mmx, 3dnowpref, sse, sse2, sse3, ssse3, sse4a, sse4.1, sse4.2, popcnt, lzcnt, tsc, tscinvbit, avx, avx2, aes, clmul, bmi1, bmi2, adx, sha, fma, vzeroupper, clflush, clflushopt, hv, rdtscp, rdpid, f16c
Processor Information for the first 12 processors :
  Max Mhz: 2100, Current Mhz: 2100, Mhz Limit: 2100

Memory: 4k page, system-wide physical 11597M (1509M free)
TotalPageFile size 28973M (AvailPageFile size 134M)
current process WorkingSet (physical memory assigned to process): 17M, peak: 17M
current process commit charge ("private bytes"): 68M, peak: 249M

vm_info: Java HotSpot(TM) 64-Bit Server VM (23.0.2+7-58) for windows-amd64 JRE (23.0.2+7-58), built on 2024-11-29T09:34:55Z with MS VC++ 17.6 (VS2022)

END.
